2024.07.20 23:14:48 INFO  Started: Metals version 1.3.3 in folders 'C:\Users\hp\GitHub\Scala_Projects' for client Visual Studio Code 1.91.1.
SLF4J(W): Class path contains multiple SLF4J providers.
SLF4J(W): Found provider [scribe.slf4j.ScribeServiceProvider@3da6b515]
SLF4J(W): Found provider [ch.qos.logback.classic.spi.LogbackServiceProvider@4b9a7a5b]
SLF4J(W): See https://www.slf4j.org/codes.html#multiple_bindings for an explanation.
SLF4J(I): Actual provider is of type [scribe.slf4j.ScribeServiceProvider@3da6b515]
2024.07.20 23:14:49 WARN  Flyway upgrade recommended: H2 2.2.224 is newer than this version of Flyway and support has not been tested. The latest supported version of H2 is 2.2.220.
2024.07.20 23:14:50 INFO  Attempting to connect to the build server...
2024.07.20 23:14:50 INFO  tracing is disabled for protocol BSP, to enable tracing of incoming and outgoing JSON messages create an empty file at C:\Users\hp\GitHub\Scala_Projects\.metals\bsp.trace.json or C:\Users\hp\AppData\Local\scalameta\metals\cache\bsp.trace.json
2024.07.20 23:14:50 INFO  time: Connected to build server in 0.52s
2024.07.20 23:14:50 INFO  Connected to Build server: Bloop v1.6.0
2024.07.20 23:14:50 INFO  time: Imported build in 0.1s
2024.07.20 23:14:50 INFO  running doctor check
2024.07.20 23:14:50 INFO  java targets: exam_project-test, exam_project
2024.07.20 23:14:54 WARN  Flyway upgrade recommended: H2 2.2.224 is newer than this version of Flyway and support has not been tested. The latest supported version of H2 is 2.2.220.
2024.07.20 23:14:56 INFO  time: indexed workspace in 5.44s
2024.07.20 23:15:12 INFO  Shutting down server
2024.07.20 23:15:12 INFO  shutting down Metals
2024.07.20 23:15:12 INFO  Shut down connection with build server.
2024.07.20 23:15:12 INFO  Exiting server
2024.07.20 23:15:22 INFO  Started: Metals version 1.3.3 in folders 'C:\Users\hp\GitHub\Scala_Projects' for client Visual Studio Code 1.91.1.
SLF4J(W): Class path contains multiple SLF4J providers.
SLF4J(W): Found provider [scribe.slf4j.ScribeServiceProvider@7086b7aa]
SLF4J(W): Found provider [ch.qos.logback.classic.spi.LogbackServiceProvider@11f75d5d]
SLF4J(W): See https://www.slf4j.org/codes.html#multiple_bindings for an explanation.
SLF4J(I): Actual provider is of type [scribe.slf4j.ScribeServiceProvider@7086b7aa]
2024.07.20 23:15:23 WARN  Flyway upgrade recommended: H2 2.2.224 is newer than this version of Flyway and support has not been tested. The latest supported version of H2 is 2.2.220.
2024.07.20 23:15:23 INFO  Attempting to connect to the build server...
2024.07.20 23:15:23 INFO  tracing is disabled for protocol BSP, to enable tracing of incoming and outgoing JSON messages create an empty file at C:\Users\hp\GitHub\Scala_Projects\.metals\bsp.trace.json or C:\Users\hp\AppData\Local\scalameta\metals\cache\bsp.trace.json
2024.07.20 23:15:23 INFO  time: Connected to build server in 0.37s
2024.07.20 23:15:23 INFO  Connected to Build server: Bloop v1.6.0
2024.07.20 23:15:24 INFO  time: Imported build in 0.13s
2024.07.20 23:15:24 INFO  running doctor check
2024.07.20 23:15:24 INFO  java targets: exam_project-test, exam_project
2024.07.20 23:15:28 WARN  Flyway upgrade recommended: H2 2.2.224 is newer than this version of Flyway and support has not been tested. The latest supported version of H2 is 2.2.220.
2024.07.20 23:15:28 INFO  time: indexed workspace in 4.71s
2024.07.20 23:15:53 INFO  Shutting down server
2024.07.20 23:15:53 INFO  shutting down Metals
2024.07.20 23:15:53 INFO  Shut down connection with build server.
2024.07.20 23:15:53 INFO  Exiting server
2024.07.20 23:49:16 INFO  Started: Metals version 1.3.3 in folders 'C:\Users\hp\GitHub\Scala_Projects' for client Visual Studio Code 1.91.1.
SLF4J(W): Class path contains multiple SLF4J providers.
SLF4J(W): Found provider [scribe.slf4j.ScribeServiceProvider@36c008b1]
SLF4J(W): Found provider [ch.qos.logback.classic.spi.LogbackServiceProvider@3c2fa5e7]
SLF4J(W): See https://www.slf4j.org/codes.html#multiple_bindings for an explanation.
SLF4J(I): Actual provider is of type [scribe.slf4j.ScribeServiceProvider@36c008b1]
2024.07.20 23:49:17 WARN  Flyway upgrade recommended: H2 2.2.224 is newer than this version of Flyway and support has not been tested. The latest supported version of H2 is 2.2.220.
2024.07.20 23:49:18 INFO  Attempting to connect to the build server...
2024.07.20 23:49:18 INFO  tracing is disabled for protocol BSP, to enable tracing of incoming and outgoing JSON messages create an empty file at C:\Users\hp\GitHub\Scala_Projects\.metals\bsp.trace.json or C:\Users\hp\AppData\Local\scalameta\metals\cache\bsp.trace.json
2024.07.20 23:49:18 INFO  time: Connected to build server in 0.29s
2024.07.20 23:49:18 INFO  Connected to Build server: Bloop v1.6.0
2024.07.20 23:49:18 INFO  running doctor check
2024.07.20 23:49:18 INFO  java targets: exam_project-test, exam_project
2024.07.20 23:49:22 WARN  Flyway upgrade recommended: H2 2.2.224 is newer than this version of Flyway and support has not been tested. The latest supported version of H2 is 2.2.220.
2024.07.20 23:49:22 INFO  time: indexed workspace in 4.22s
2024.07.20 23:49:43 INFO  no build target found for C:\Users\hp\GitHub\Scala_Projects\src\main\scala\Main.scala. Using presentation compiler with project's scala-library version: 2.13.12
2024.07.20 23:49:43 INFO  no build target found for C:\Users\hp\GitHub\Scala_Projects\src\main\scala\Main.scala. Using presentation compiler with project's scala-library version: 2.13.12
2024.07.20 23:49:46 INFO  time: code lens generation in 2.36s
2024.07.20 23:49:53 INFO  no build target found for C:\Users\hp\GitHub\Scala_Projects\src\main\scala\Main.scala. Using presentation compiler with project's scala-library version: 2.13.12
2024.07.20 23:49:59 INFO  no build target found for C:\Users\hp\GitHub\Scala_Projects\src\main\scala\Main.scala. Using presentation compiler with project's scala-library version: 2.13.12
2024.07.20 23:49:59 INFO  no build target found for C:\Users\hp\GitHub\Scala_Projects\src\main\scala\Main.scala. Using presentation compiler with project's scala-library version: 2.13.12
2024.07.20 23:49:59 INFO  no build target found for C:\Users\hp\GitHub\Scala_Projects\src\main\scala\Main.scala. Using presentation compiler with project's scala-library version: 2.13.12
2024.07.20 23:50:02 WARN  no build target for: C:\Users\hp\GitHub\Scala_Projects\src\main\scala\Main.scala
2024.07.20 23:50:02 INFO  no build target found for C:\Users\hp\GitHub\Scala_Projects\src\main\scala\Main.scala. Using presentation compiler with project's scala-library version: 2.13.12
